Flow report for Top_ET1
Tue Feb 10 16:32:52 2026
Quartus II 32-bit Version 13.0.1 Build 232 06/12/2013 Service Pack 1 SJ Full Version


---------------------
; Table of Contents ;
---------------------
  1. Legal Notice
  2. Flow Summary
  3. Flow Settings
  4. Flow Non-Default Global Settings
  5. Flow Elapsed Time
  6. Flow OS Summary
  7. Flow Log
  8. Flow Messages
  9. Flow Suppressed Messages



----------------
; Legal Notice ;
----------------
Copyright (C) 1991-2013 Altera Corporation
Your use of Altera Corporation's design tools, logic functions 
and other software and tools, and its AMPP partner logic 
functions, and any output files from any of the foregoing 
(including device programming or simulation files), and any 
associated documentation or information are expressly subject 
to the terms and conditions of the Altera Program License 
Subscription Agreement, Altera MegaCore Function License 
Agreement, or other applicable license agreement, including, 
without limitation, that your use is for the sole purpose of 
programming logic devices manufactured by Altera and sold by 
Altera or its authorized distributors.  Please refer to the 
applicable agreement for further details.



+---------------------------------------------------------------------------------------+
; Flow Summary                                                                          ;
+------------------------------------+--------------------------------------------------+
; Flow Status                        ; Successful - Tue Feb 10 16:32:52 2026            ;
; Quartus II 32-bit Version          ; 13.0.1 Build 232 06/12/2013 SP 1 SJ Full Version ;
; Revision Name                      ; Top_ET1                                          ;
; Top-level Entity Name              ; Top_ET1                                          ;
; Family                             ; Cyclone IV E                                     ;
; Device                             ; EP4CE22F17C6                                     ;
; Timing Models                      ; Final                                            ;
; Total logic elements               ; 2,835                                            ;
;     Total combinational functions  ; 2,397                                            ;
;     Dedicated logic registers      ; 1,602                                            ;
; Total registers                    ; 1602                                             ;
; Total pins                         ; 61                                               ;
; Total virtual pins                 ; 0                                                ;
; Total memory bits                  ; 44,032                                           ;
; Embedded Multiplier 9-bit elements ; 0                                                ;
; Total PLLs                         ; 1                                                ;
+------------------------------------+--------------------------------------------------+


+-----------------------------------------+
; Flow Settings                           ;
+-------------------+---------------------+
; Option            ; Setting             ;
+-------------------+---------------------+
; Start date & time ; 02/10/2026 16:32:34 ;
; Main task         ; Compilation         ;
; Revision Name     ; Top_ET1             ;
+-------------------+---------------------+


+-------------------------------------------------------------------------------------------------------------------------------------------------------------------+
; Flow Non-Default Global Settings                                                                                                                                  ;
+-------------------------------------+--------------------------------------------------------------+---------------+---------------------------------+------------+
; Assignment Name                     ; Value                                                        ; Default Value ; Entity Name                     ; Section Id ;
+-------------------------------------+--------------------------------------------------------------+---------------+---------------------------------+------------+
; COMPILER_SIGNATURE_ID               ; 154946506718383.177073755418112                              ; --            ; --                              ; --         ;
; IP_TOOL_ENV                         ; Qsys                                                         ; --            ; altera_avalon_sc_fifo           ; --         ;
; IP_TOOL_ENV                         ; Qsys                                                         ; --            ; altera_merlin_burst_adapter     ; --         ;
; IP_TOOL_ENV                         ; Qsys                                                         ; --            ; altera_merlin_master_agent      ; --         ;
; IP_TOOL_ENV                         ; Qsys                                                         ; --            ; altera_merlin_master_translator ; --         ;
; IP_TOOL_ENV                         ; Qsys                                                         ; --            ; altera_merlin_slave_agent       ; --         ;
; IP_TOOL_ENV                         ; Qsys                                                         ; --            ; altera_merlin_slave_translator  ; --         ;
; IP_TOOL_ENV                         ; Qsys                                                         ; --            ; altera_merlin_width_adapter     ; --         ;
; IP_TOOL_ENV                         ; Qsys                                                         ; --            ; altera_reset_controller         ; --         ;
; IP_TOOL_ENV                         ; Qsys                                                         ; --            ; qysys_test                      ; --         ;
; IP_TOOL_ENV                         ; Qsys                                                         ; --            ; qysys_test_LEDs                 ; --         ;
; IP_TOOL_ENV                         ; Qsys                                                         ; --            ; qysys_test_addr_router          ; --         ;
; IP_TOOL_ENV                         ; Qsys                                                         ; --            ; qysys_test_addr_router_001      ; --         ;
; IP_TOOL_ENV                         ; Qsys                                                         ; --            ; qysys_test_cmd_xbar_demux       ; --         ;
; IP_TOOL_ENV                         ; Qsys                                                         ; --            ; qysys_test_cmd_xbar_demux_001   ; --         ;
; IP_TOOL_ENV                         ; Qsys                                                         ; --            ; qysys_test_cmd_xbar_mux         ; --         ;
; IP_TOOL_ENV                         ; Qsys                                                         ; --            ; qysys_test_id_router            ; --         ;
; IP_TOOL_ENV                         ; Qsys                                                         ; --            ; qysys_test_id_router_002        ; --         ;
; IP_TOOL_ENV                         ; Qsys                                                         ; --            ; qysys_test_id_router_005        ; --         ;
; IP_TOOL_ENV                         ; Qsys                                                         ; --            ; qysys_test_irq_mapper           ; --         ;
; IP_TOOL_ENV                         ; Qsys                                                         ; --            ; qysys_test_jtag_uart            ; --         ;
; IP_TOOL_ENV                         ; Qsys                                                         ; --            ; qysys_test_nios2_qsys_0         ; --         ;
; IP_TOOL_ENV                         ; Qsys                                                         ; --            ; qysys_test_onchip_memory        ; --         ;
; IP_TOOL_ENV                         ; Qsys                                                         ; --            ; qysys_test_rsp_xbar_demux       ; --         ;
; IP_TOOL_ENV                         ; Qsys                                                         ; --            ; qysys_test_rsp_xbar_demux_005   ; --         ;
; IP_TOOL_ENV                         ; Qsys                                                         ; --            ; qysys_test_rsp_xbar_mux         ; --         ;
; IP_TOOL_ENV                         ; Qsys                                                         ; --            ; qysys_test_rsp_xbar_mux_001     ; --         ;
; IP_TOOL_ENV                         ; Qsys                                                         ; --            ; qysys_test_sdram                ; --         ;
; IP_TOOL_ENV                         ; Qsys                                                         ; --            ; qysys_test_switches             ; --         ;
; IP_TOOL_ENV                         ; Qsys                                                         ; --            ; qysys_test_writedataR           ; --         ;
; IP_TOOL_NAME                        ; altera_avalon_sc_fifo                                        ; --            ; altera_avalon_sc_fifo           ; --         ;
; IP_TOOL_NAME                        ; altera_merlin_burst_adapter                                  ; --            ; altera_merlin_burst_adapter     ; --         ;
; IP_TOOL_NAME                        ; altera_merlin_master_agent                                   ; --            ; altera_merlin_master_agent      ; --         ;
; IP_TOOL_NAME                        ; altera_merlin_master_translator                              ; --            ; altera_merlin_master_translator ; --         ;
; IP_TOOL_NAME                        ; altera_merlin_slave_agent                                    ; --            ; altera_merlin_slave_agent       ; --         ;
; IP_TOOL_NAME                        ; altera_merlin_slave_translator                               ; --            ; altera_merlin_slave_translator  ; --         ;
; IP_TOOL_NAME                        ; altera_merlin_width_adapter                                  ; --            ; altera_merlin_width_adapter     ; --         ;
; IP_TOOL_NAME                        ; altera_reset_controller                                      ; --            ; altera_reset_controller         ; --         ;
; IP_TOOL_NAME                        ; Qsys                                                         ; --            ; qysys_test                      ; --         ;
; IP_TOOL_NAME                        ; altera_avalon_pio                                            ; --            ; qysys_test_LEDs                 ; --         ;
; IP_TOOL_NAME                        ; altera_merlin_router                                         ; --            ; qysys_test_addr_router          ; --         ;
; IP_TOOL_NAME                        ; altera_merlin_router                                         ; --            ; qysys_test_addr_router_001      ; --         ;
; IP_TOOL_NAME                        ; altera_merlin_demultiplexer                                  ; --            ; qysys_test_cmd_xbar_demux       ; --         ;
; IP_TOOL_NAME                        ; altera_merlin_demultiplexer                                  ; --            ; qysys_test_cmd_xbar_demux_001   ; --         ;
; IP_TOOL_NAME                        ; altera_merlin_multiplexer                                    ; --            ; qysys_test_cmd_xbar_mux         ; --         ;
; IP_TOOL_NAME                        ; altera_merlin_router                                         ; --            ; qysys_test_id_router            ; --         ;
; IP_TOOL_NAME                        ; altera_merlin_router                                         ; --            ; qysys_test_id_router_002        ; --         ;
; IP_TOOL_NAME                        ; altera_merlin_router                                         ; --            ; qysys_test_id_router_005        ; --         ;
; IP_TOOL_NAME                        ; altera_irq_mapper                                            ; --            ; qysys_test_irq_mapper           ; --         ;
; IP_TOOL_NAME                        ; altera_avalon_jtag_uart                                      ; --            ; qysys_test_jtag_uart            ; --         ;
; IP_TOOL_NAME                        ; altera_nios2_qsys                                            ; --            ; qysys_test_nios2_qsys_0         ; --         ;
; IP_TOOL_NAME                        ; altera_avalon_onchip_memory2                                 ; --            ; qysys_test_onchip_memory        ; --         ;
; IP_TOOL_NAME                        ; altera_merlin_demultiplexer                                  ; --            ; qysys_test_rsp_xbar_demux       ; --         ;
; IP_TOOL_NAME                        ; altera_merlin_demultiplexer                                  ; --            ; qysys_test_rsp_xbar_demux_005   ; --         ;
; IP_TOOL_NAME                        ; altera_merlin_multiplexer                                    ; --            ; qysys_test_rsp_xbar_mux         ; --         ;
; IP_TOOL_NAME                        ; altera_merlin_multiplexer                                    ; --            ; qysys_test_rsp_xbar_mux_001     ; --         ;
; IP_TOOL_NAME                        ; altera_avalon_new_sdram_controller                           ; --            ; qysys_test_sdram                ; --         ;
; IP_TOOL_NAME                        ; altera_avalon_pio                                            ; --            ; qysys_test_switches             ; --         ;
; IP_TOOL_NAME                        ; altera_avalon_pio                                            ; --            ; qysys_test_writedataR           ; --         ;
; IP_TOOL_VERSION                     ; 13.0                                                         ; --            ; altera_avalon_sc_fifo           ; --         ;
; IP_TOOL_VERSION                     ; 13.0                                                         ; --            ; altera_merlin_burst_adapter     ; --         ;
; IP_TOOL_VERSION                     ; 13.0                                                         ; --            ; altera_merlin_master_agent      ; --         ;
; IP_TOOL_VERSION                     ; 13.0                                                         ; --            ; altera_merlin_master_translator ; --         ;
; IP_TOOL_VERSION                     ; 13.0                                                         ; --            ; altera_merlin_slave_agent       ; --         ;
; IP_TOOL_VERSION                     ; 13.0                                                         ; --            ; altera_merlin_slave_translator  ; --         ;
; IP_TOOL_VERSION                     ; 13.0                                                         ; --            ; altera_merlin_width_adapter     ; --         ;
; IP_TOOL_VERSION                     ; 13.0                                                         ; --            ; altera_reset_controller         ; --         ;
; IP_TOOL_VERSION                     ; 13.0sp1                                                      ; --            ; qysys_test                      ; --         ;
; IP_TOOL_VERSION                     ; 13.0.1.99.2                                                  ; --            ; qysys_test_LEDs                 ; --         ;
; IP_TOOL_VERSION                     ; 13.0                                                         ; --            ; qysys_test_addr_router          ; --         ;
; IP_TOOL_VERSION                     ; 13.0                                                         ; --            ; qysys_test_addr_router_001      ; --         ;
; IP_TOOL_VERSION                     ; 13.0                                                         ; --            ; qysys_test_cmd_xbar_demux       ; --         ;
; IP_TOOL_VERSION                     ; 13.0                                                         ; --            ; qysys_test_cmd_xbar_demux_001   ; --         ;
; IP_TOOL_VERSION                     ; 13.0                                                         ; --            ; qysys_test_cmd_xbar_mux         ; --         ;
; IP_TOOL_VERSION                     ; 13.0                                                         ; --            ; qysys_test_id_router            ; --         ;
; IP_TOOL_VERSION                     ; 13.0                                                         ; --            ; qysys_test_id_router_002        ; --         ;
; IP_TOOL_VERSION                     ; 13.0                                                         ; --            ; qysys_test_id_router_005        ; --         ;
; IP_TOOL_VERSION                     ; 13.0                                                         ; --            ; qysys_test_irq_mapper           ; --         ;
; IP_TOOL_VERSION                     ; 13.0.1.99.2                                                  ; --            ; qysys_test_jtag_uart            ; --         ;
; IP_TOOL_VERSION                     ; 13.0                                                         ; --            ; qysys_test_nios2_qsys_0         ; --         ;
; IP_TOOL_VERSION                     ; 13.0.1.99.2                                                  ; --            ; qysys_test_onchip_memory        ; --         ;
; IP_TOOL_VERSION                     ; 13.0                                                         ; --            ; qysys_test_rsp_xbar_demux       ; --         ;
; IP_TOOL_VERSION                     ; 13.0                                                         ; --            ; qysys_test_rsp_xbar_demux_005   ; --         ;
; IP_TOOL_VERSION                     ; 13.0                                                         ; --            ; qysys_test_rsp_xbar_mux         ; --         ;
; IP_TOOL_VERSION                     ; 13.0                                                         ; --            ; qysys_test_rsp_xbar_mux_001     ; --         ;
; IP_TOOL_VERSION                     ; 13.0.1.99.2                                                  ; --            ; qysys_test_sdram                ; --         ;
; IP_TOOL_VERSION                     ; 13.0.1.99.2                                                  ; --            ; qysys_test_switches             ; --         ;
; IP_TOOL_VERSION                     ; 13.0.1.99.2                                                  ; --            ; qysys_test_writedataR           ; --         ;
; MAX_CORE_JUNCTION_TEMP              ; 85                                                           ; --            ; --                              ; --         ;
; MIN_CORE_JUNCTION_TEMP              ; 0                                                            ; --            ; --                              ; --         ;
; MISC_FILE                           ; qysys_test/synthesis/../../qysys_test.cmp                    ; --            ; --                              ; --         ;
; MISC_FILE                           ; qysys_test/synthesis/../../qysys_test.qsys                   ; --            ; --                              ; --         ;
; NOMINAL_CORE_SUPPLY_VOLTAGE         ; 1.2V                                                         ; --            ; --                              ; --         ;
; PARTITION_COLOR                     ; 16764057                                                     ; --            ; DE0_NANO                        ; Top        ;
; PARTITION_COLOR                     ; 16764057                                                     ; --            ; DE0_NANO_SMART_CAR              ; Top        ;
; PARTITION_COLOR                     ; 16764057                                                     ; --            ; --                              ; Top        ;
; PARTITION_FITTER_PRESERVATION_LEVEL ; PLACEMENT_AND_ROUTING                                        ; --            ; DE0_NANO                        ; Top        ;
; PARTITION_FITTER_PRESERVATION_LEVEL ; PLACEMENT_AND_ROUTING                                        ; --            ; DE0_NANO_SMART_CAR              ; Top        ;
; PARTITION_FITTER_PRESERVATION_LEVEL ; PLACEMENT_AND_ROUTING                                        ; --            ; --                              ; Top        ;
; PARTITION_NETLIST_TYPE              ; SOURCE                                                       ; --            ; DE0_NANO                        ; Top        ;
; PARTITION_NETLIST_TYPE              ; SOURCE                                                       ; --            ; DE0_NANO_SMART_CAR              ; Top        ;
; PARTITION_NETLIST_TYPE              ; SOURCE                                                       ; --            ; --                              ; Top        ;
; POWER_BOARD_THERMAL_MODEL           ; None (CONSERVATIVE)                                          ; --            ; --                              ; --         ;
; POWER_PRESET_COOLING_SOLUTION       ; 23 MM HEAT SINK WITH 200 LFPM AIRFLOW                        ; --            ; --                              ; --         ;
; PROJECT_OUTPUT_DIRECTORY            ; output_files                                                 ; --            ; --                              ; --         ;
; SLD_INFO                            ; QSYS_NAME qysys_test HAS_SOPCINFO 1 GENERATION_ID 1770737503 ; --            ; qysys_test                      ; --         ;
; SOPCINFO_FILE                       ; qysys_test/synthesis/../../qysys_test.sopcinfo               ; --            ; --                              ; --         ;
; SYNTHESIS_ONLY_QIP                  ; On                                                           ; --            ; --                              ; --         ;
+-------------------------------------+--------------------------------------------------------------+---------------+---------------------------------+------------+


+--------------------------------------------------------------------------------------------------------------------------+
; Flow Elapsed Time                                                                                                        ;
+----------------------+--------------+-------------------------+---------------------+------------------------------------+
; Module Name          ; Elapsed Time ; Average Processors Used ; Peak Virtual Memory ; Total CPU Time (on all processors) ;
+----------------------+--------------+-------------------------+---------------------+------------------------------------+
; Analysis & Synthesis ; 00:00:25     ; 1.0                     ; 513 MB              ; 00:00:14                           ;
; Total                ; 00:00:25     ; --                      ; --                  ; 00:00:14                           ;
+----------------------+--------------+-------------------------+---------------------+------------------------------------+


+-----------------------------------------------------------------------------------+
; Flow OS Summary                                                                   ;
+----------------------+------------------+-----------+------------+----------------+
; Module Name          ; Machine Hostname ; OS Name   ; OS Version ; Processor type ;
+----------------------+------------------+-----------+------------+----------------+
; Analysis & Synthesis ; a-137150         ; Windows 7 ; 6.2        ; x86_64         ;
+----------------------+------------------+-----------+------------+----------------+


------------
; Flow Log ;
------------
quartus_map --read_settings_files=on --write_settings_files=off Top_ET1 -c Top_ET1



